<?xml version="1.0" encoding="UTF-8"?>
<!-- Generated by org.testng.reporters.JUnitReportReporter -->
<testsuite hostname="HOME-PC" name="testant.TestingStart2" tests="1" failures="0" timestamp="2 Apr 2017 03:32:32 GMT" time="11.428" errors="0">
  <testcase name="testmain" time="11.428" classname="testant.TestingStart2"/>
</testsuite> <!-- testant.TestingStart2 -->
